2021-09-01T07:24:05.162Z [[31merror[39m]: Length of the field orderCity is incorrect
2021-09-01T08:59:34.679Z [[31merror[39m]: Error: DB error
2021-09-01T09:02:38.715Z [[31merror[39m]: Error: DB error
2021-09-01T09:02:38.732Z [[31merror[39m]: Error: Length of the field orderCity is incorrect
2021-09-01T09:03:39.430Z [[31merror[39m]: Error: DB error
2021-09-01T09:03:39.443Z [[31merror[39m]: Error: Length of the field orderCity is incorrect
2021-09-01T09:03:39.454Z [[31merror[39m]: Error: DB error
2021-09-01T09:07:43.736Z [[31merror[39m]: Error: DB error
2021-09-01T09:08:52.089Z [[31merror[39m]: Error: DB error
2021-09-01T09:09:18.556Z [[31merror[39m]: Error: DB error
2021-09-01T09:09:52.964Z [[31merror[39m]: Error: DB error
2021-09-01T09:15:32.267Z [[31merror[39m]: Error: DB error
2021-09-01T09:16:39.016Z [[31merror[39m]: Error: DB error
2021-09-01T09:18:26.817Z [[31merror[39m]: Error: Length of the field orderCity is incorrect
2021-09-01T09:19:23.799Z [[31merror[39m]: Error: Length of the field orderCity is incorrect
2021-09-01T09:19:23.813Z [[31merror[39m]: Error: DB error
2021-09-01T09:20:07.088Z [[31merror[39m]: Error: DB error
2021-09-01T09:20:36.045Z [[31merror[39m]: Error: Length of the field orderCity is incorrect
2021-09-01T09:20:36.063Z [[31merror[39m]: Error: DB error
2021-09-01T09:58:03.442Z [[31merror[39m]: Error: DB error
2021-09-01T10:02:49.735Z [[31merror[39m]: Error: Invalid city name
2021-09-01T10:03:58.701Z [[31merror[39m]: Error: Invalid city name
2021-09-01T10:04:46.725Z [[31merror[39m]: Error: Invalid city name
2021-09-01T10:05:13.233Z [[31merror[39m]: Error: Invalid city name
2021-09-01T10:05:22.829Z [[31merror[39m]: Error: Invalid city name
2021-09-01T10:05:32.427Z [[31merror[39m]: Error: Invalid city name
2021-09-01T10:12:14.145Z [[31merror[39m]: Error: Date is incorrect
2021-09-01T10:12:18.796Z [[31merror[39m]: Error: Date is incorrect
2021-09-01T10:13:09.800Z [[31merror[39m]: Error: Can't find /ordersdsf on this server!
2021-09-01T10:20:16.848Z [[32minfo[39m]: incoming request on route /orders method = GET
2021-09-01T10:20:16.880Z [[32minfo[39m]: response DATA [{"orderId":9,"customerId":12,"orderDate":"2021-08-31T21:00:00.000Z","orderCity":"qwertyuiopasdfghjklzxcvbnm","orderAddress":"asdaskljhda lsdajkdlasjd laskdj "},{"orderId":10,"customerId":12,"orderDate":"2021-08-31T21:00:00.000Z","orderCity":"qwertyuiopasdfghjklzxcvbnm","orderAddress":"asdaskljhda lsdajkdlasjd laskdj "},{"orderId":11,"customerId":12,"orderDate":"2021-08-31T21:00:00.000Z","orderCity":"qwertyuiopasdfghjklzxcvbnm","orderAddress":"asdaskljhda lsdajkdlasjd laskdj "},{"orderId":12,"customerId":12,"orderDate":"2021-08-31T21:00:00.000Z","orderCity":"qwertyuiopasdfghjklzxcvbnm","orderAddress":"asdaskljhda lsdajkdlasjd laskdj "},{"orderId":13,"customerId":12,"orderDate":"2021-08-31T21:00:00.000Z","orderCity":"Ramat Gan","orderAddress":"HaEshel 1"},{"orderId":14,"customerId":12,"orderDate":"2021-08-31T21:00:00.000Z","orderCity":"  Ramat Gan  ","orderAddress":"HaEshel 1"},{"orderId":15,"customerId":12,"orderDate":"2021-08-31T21:00:00.000Z","orderCity":"Ramat Gan","orderAddress":"HaEshel 1"},{"orderId":16,"customerId":12,"orderDate":"2021-08-31T21:00:00.000Z","orderCity":"Ramat Gan","orderAddress":"HaEshel 1"}]
2021-09-01T10:25:02.062Z [error]: Error: Invalid city name
2021-09-01T10:26:08.948Z [error]: Error: Invalid city name
